<?xml version="1.0" encoding="UTF-8"?>
<!-- Generated by org.testng.reporters.JUnitXMLReporter -->
<testsuite ignored="0" hostname="DESKTOP-1EFPGFM" failures="0" tests="2" name="Surefire test" time="9.634" errors="0" timestamp="2026-01-22T15:05:54 IST">
  <testcase classname="com.inferenceCloud.tests.LoginTest" name="loginButtonIsDisabledWithoutCredentials" time="0.11"/>
  <testcase classname="com.inferenceCloud.tests.LoginTest" name="testLogin" time="3.535"/>
</testsuite> <!-- Surefire test -->
