<?xml version="1.0" encoding="UTF-8"?>
<testng-results ignored="0" total="2" passed="2" failed="0" skipped="0">
  <reporter-output>
  </reporter-output>
  <suite started-at="2026-01-22T17:19:19 IST" name="Login Test Suite" finished-at="2026-01-22T17:19:27 IST" duration-ms="8043">
    <groups>
    </groups>
    <test started-at="2026-01-22T17:19:19 IST" name="LoginTest" finished-at="2026-01-22T17:19:27 IST" duration-ms="8043">
      <class name="com.inferenceCloud.tests.LoginTest">
        <test-method is-config="true" signature="setupDriver()[pri:0, instance:com.inferenceCloud.tests.LoginTest@783a467b]" started-at="2026-01-22T17:19:19 IST" name="setupDriver" finished-at="2026-01-22T17:19:22 IST" duration-ms="2217" status="PASS">
          <reporter-output>
          </reporter-output>
        </test-method> <!-- setupDriver -->
        <test-method is-config="true" signature="setupDriver()[pri:0, instance:com.inferenceCloud.tests.LoginTest@783a467b]" started-at="2026-01-22T17:19:19 IST" name="setupDriver" finished-at="2026-01-22T17:19:22 IST" duration-ms="2222" status="PASS">
          <reporter-output>
          </reporter-output>
        </test-method> <!-- setupDriver -->
        <test-method signature="testLogin()[pri:0, instance:com.inferenceCloud.tests.LoginTest@783a467b]" started-at="2026-01-22T17:19:22 IST" name="testLogin" finished-at="2026-01-22T17:19:27 IST" duration-ms="5438" status="PASS">
          <reporter-output>
          </reporter-output>
        </test-method> <!-- testLogin -->
        <test-method signature="loginButtonIsDisabledWithoutCredentials()[pri:0, instance:com.inferenceCloud.tests.LoginTest@783a467b]" started-at="2026-01-22T17:19:22 IST" name="loginButtonIsDisabledWithoutCredentials" finished-at="2026-01-22T17:19:23 IST" duration-ms="1751" status="PASS">
          <reporter-output>
          </reporter-output>
        </test-method> <!-- loginButtonIsDisabledWithoutCredentials -->
        <test-method is-config="true" signature="tearDown()[pri:0, instance:com.inferenceCloud.tests.LoginTest@783a467b]" started-at="2026-01-22T17:19:23 IST" name="tearDown" finished-at="2026-01-22T17:19:24 IST" duration-ms="337" status="PASS">
          <reporter-output>
          </reporter-output>
        </test-method> <!-- tearDown -->
        <test-method is-config="true" signature="tearDown()[pri:0, instance:com.inferenceCloud.tests.LoginTest@783a467b]" started-at="2026-01-22T17:19:27 IST" name="tearDown" finished-at="2026-01-22T17:19:27 IST" duration-ms="200" status="PASS">
          <reporter-output>
          </reporter-output>
        </test-method> <!-- tearDown -->
      </class> <!-- com.inferenceCloud.tests.LoginTest -->
    </test> <!-- LoginTest -->
  </suite> <!-- Login Test Suite -->
</testng-results>
