<?xml version="1.0" encoding="UTF-8"?>
<testng-results ignored="0" total="2" passed="2" failed="0" skipped="0">
  <reporter-output>
  </reporter-output>
  <suite started-at="2026-01-22T15:05:44 IST" name="Surefire suite" finished-at="2026-01-22T15:05:54 IST" duration-ms="9634">
    <groups>
    </groups>
    <test started-at="2026-01-22T15:05:44 IST" name="Surefire test" finished-at="2026-01-22T15:05:54 IST" duration-ms="9634">
      <class name="com.inferenceCloud.tests.LoginTest">
        <test-method is-config="true" signature="setupDriver()[pri:0, instance:com.inferenceCloud.tests.LoginTest@6631f5ca]" started-at="2026-01-22T15:05:44 IST" name="setupDriver" finished-at="2026-01-22T15:05:48 IST" duration-ms="3288" status="PASS">
          <reporter-output>
          </reporter-output>
        </test-method> <!-- setupDriver -->
        <test-method signature="loginButtonIsDisabledWithoutCredentials()[pri:0, instance:com.inferenceCloud.tests.LoginTest@6631f5ca]" started-at="2026-01-22T15:05:48 IST" name="loginButtonIsDisabledWithoutCredentials" finished-at="2026-01-22T15:05:48 IST" duration-ms="110" status="PASS">
          <reporter-output>
          </reporter-output>
        </test-method> <!-- loginButtonIsDisabledWithoutCredentials -->
        <test-method is-config="true" signature="tearDown()[pri:0, instance:com.inferenceCloud.tests.LoginTest@6631f5ca]" started-at="2026-01-22T15:05:48 IST" name="tearDown" finished-at="2026-01-22T15:05:48 IST" duration-ms="178" status="PASS">
          <reporter-output>
          </reporter-output>
        </test-method> <!-- tearDown -->
        <test-method is-config="true" signature="setupDriver()[pri:0, instance:com.inferenceCloud.tests.LoginTest@6631f5ca]" started-at="2026-01-22T15:05:48 IST" name="setupDriver" finished-at="2026-01-22T15:05:50 IST" duration-ms="2166" status="PASS">
          <reporter-output>
          </reporter-output>
        </test-method> <!-- setupDriver -->
        <test-method signature="testLogin()[pri:0, instance:com.inferenceCloud.tests.LoginTest@6631f5ca]" started-at="2026-01-22T15:05:50 IST" name="testLogin" finished-at="2026-01-22T15:05:54 IST" duration-ms="3535" status="PASS">
          <reporter-output>
          </reporter-output>
        </test-method> <!-- testLogin -->
        <test-method is-config="true" signature="tearDown()[pri:0, instance:com.inferenceCloud.tests.LoginTest@6631f5ca]" started-at="2026-01-22T15:05:54 IST" name="tearDown" finished-at="2026-01-22T15:05:54 IST" duration-ms="234" status="PASS">
          <reporter-output>
          </reporter-output>
        </test-method> <!-- tearDown -->
      </class> <!-- com.inferenceCloud.tests.LoginTest -->
    </test> <!-- Surefire test -->
  </suite> <!-- Surefire suite -->
</testng-results>
