<?xml version="1.0" encoding="UTF-8"?>
<testng-results ignored="0" total="2" passed="2" failed="0" skipped="0">
  <reporter-output>
  </reporter-output>
  <suite started-at="2026-01-29T14:52:34 IST" name="Login Test Suite" finished-at="2026-01-29T14:52:43 IST" duration-ms="9212">
    <groups>
    </groups>
    <test started-at="2026-01-29T14:52:34 IST" name="LoginTest" finished-at="2026-01-29T14:52:43 IST" duration-ms="9212">
      <class name="com.inferenceCloud.tests.LoginTest">
        <test-method is-config="true" signature="setupDriver()[pri:0, instance:com.inferenceCloud.tests.LoginTest@5b40ceb]" started-at="2026-01-29T14:52:34 IST" name="setupDriver" finished-at="2026-01-29T14:52:38 IST" duration-ms="4284" status="PASS">
          <reporter-output>
          </reporter-output>
        </test-method> <!-- setupDriver -->
        <test-method is-config="true" signature="setupDriver()[pri:0, instance:com.inferenceCloud.tests.LoginTest@5b40ceb]" started-at="2026-01-29T14:52:34 IST" name="setupDriver" finished-at="2026-01-29T14:52:38 IST" duration-ms="4284" status="PASS">
          <reporter-output>
          </reporter-output>
        </test-method> <!-- setupDriver -->
        <test-method signature="loginButtonIsDisabledWithoutCredentials()[pri:0, instance:com.inferenceCloud.tests.LoginTest@5b40ceb]" started-at="2026-01-29T14:52:38 IST" name="loginButtonIsDisabledWithoutCredentials" finished-at="2026-01-29T14:52:38 IST" duration-ms="214" status="PASS">
          <reporter-output>
          </reporter-output>
        </test-method> <!-- loginButtonIsDisabledWithoutCredentials -->
        <test-method signature="testLogin()[pri:0, instance:com.inferenceCloud.tests.LoginTest@5b40ceb]" started-at="2026-01-29T14:52:38 IST" name="testLogin" finished-at="2026-01-29T14:52:43 IST" duration-ms="4452" status="PASS">
          <reporter-output>
          </reporter-output>
        </test-method> <!-- testLogin -->
        <test-method is-config="true" signature="tearDown()[pri:0, instance:com.inferenceCloud.tests.LoginTest@5b40ceb]" started-at="2026-01-29T14:52:38 IST" name="tearDown" finished-at="2026-01-29T14:52:39 IST" duration-ms="207" status="PASS">
          <reporter-output>
          </reporter-output>
        </test-method> <!-- tearDown -->
        <test-method is-config="true" signature="tearDown()[pri:0, instance:com.inferenceCloud.tests.LoginTest@5b40ceb]" started-at="2026-01-29T14:52:43 IST" name="tearDown" finished-at="2026-01-29T14:52:43 IST" duration-ms="319" status="PASS">
          <reporter-output>
          </reporter-output>
        </test-method> <!-- tearDown -->
      </class> <!-- com.inferenceCloud.tests.LoginTest -->
    </test> <!-- LoginTest -->
  </suite> <!-- Login Test Suite -->
</testng-results>
