<?xml version="1.0" encoding="UTF-8"?>
<testng-results ignored="0" total="4" passed="4" failed="0" skipped="0">
  <reporter-output>
  </reporter-output>
  <suite started-at="2026-01-30T14:16:37 IST" name="Login Test Suite" finished-at="2026-01-30T14:16:54 IST" duration-ms="17404">
    <groups>
    </groups>
    <test started-at="2026-01-30T14:16:37 IST" name="LoginTest" finished-at="2026-01-30T14:16:54 IST" duration-ms="17404">
      <class name="com.inferenceCloud.tests.LoginTest">
        <test-method is-config="true" signature="setupDriver()[pri:0, instance:com.inferenceCloud.tests.LoginTest@5b11a194]" started-at="2026-01-30T14:16:37 IST" name="setupDriver" finished-at="2026-01-30T14:16:42 IST" duration-ms="4719" status="PASS">
          <reporter-output>
          </reporter-output>
        </test-method> <!-- setupDriver -->
        <test-method is-config="true" signature="setupDriver()[pri:0, instance:com.inferenceCloud.tests.LoginTest@5b11a194]" started-at="2026-01-30T14:16:38 IST" name="setupDriver" finished-at="2026-01-30T14:16:40 IST" duration-ms="2331" status="PASS">
          <reporter-output>
          </reporter-output>
        </test-method> <!-- setupDriver -->
        <test-method signature="testLogin(java.lang.String,java.lang.String,java.lang.String)[pri:0, instance:com.inferenceCloud.tests.LoginTest@5b11a194]" started-at="2026-01-30T14:16:40 IST" name="testLogin" data-provider="excelData" finished-at="2026-01-30T14:16:46 IST" duration-ms="5663" status="PASS">
          <params>
            <param index="0">
              <value>
                <![CDATA[test26@mailinator.com]]>
              </value>
            </param>
            <param index="1">
              <value>
                <![CDATA[11111111@Pp]]>
              </value>
            </param>
            <param index="2">
              <value>
                <![CDATA[TRUE]]>
              </value>
            </param>
          </params>
          <reporter-output>
          </reporter-output>
        </test-method> <!-- testLogin -->
        <test-method signature="loginButtonIsDisabledWithoutCredentials()[pri:0, instance:com.inferenceCloud.tests.LoginTest@5b11a194]" started-at="2026-01-30T14:16:42 IST" name="loginButtonIsDisabledWithoutCredentials" finished-at="2026-01-30T14:16:42 IST" duration-ms="104" status="PASS">
          <reporter-output>
          </reporter-output>
        </test-method> <!-- loginButtonIsDisabledWithoutCredentials -->
        <test-method is-config="true" signature="tearDown()[pri:0, instance:com.inferenceCloud.tests.LoginTest@5b11a194]" started-at="2026-01-30T14:16:42 IST" name="tearDown" finished-at="2026-01-30T14:16:42 IST" duration-ms="682" status="PASS">
          <reporter-output>
          </reporter-output>
        </test-method> <!-- tearDown -->
        <test-method is-config="true" signature="tearDown()[pri:0, instance:com.inferenceCloud.tests.LoginTest@5b11a194]" started-at="2026-01-30T14:16:46 IST" name="tearDown" finished-at="2026-01-30T14:16:46 IST" duration-ms="390" status="PASS">
          <reporter-output>
          </reporter-output>
        </test-method> <!-- tearDown -->
        <test-method is-config="true" signature="setupDriver()[pri:0, instance:com.inferenceCloud.tests.LoginTest@5b11a194]" started-at="2026-01-30T14:16:46 IST" name="setupDriver" finished-at="2026-01-30T14:16:49 IST" duration-ms="2682" status="PASS">
          <reporter-output>
          </reporter-output>
        </test-method> <!-- setupDriver -->
        <test-method signature="testLogin(java.lang.String,java.lang.String,java.lang.String)[pri:0, instance:com.inferenceCloud.tests.LoginTest@5b11a194]" started-at="2026-01-30T14:16:49 IST" name="testLogin" data-provider="excelData" finished-at="2026-01-30T14:16:50 IST" duration-ms="1364" status="PASS">
          <params>
            <param index="0">
              <value>
                <![CDATA[test26@mailinator.com]]>
              </value>
            </param>
            <param index="1">
              <value>
                <![CDATA[111]]>
              </value>
            </param>
            <param index="2">
              <value>
                <![CDATA[FALSE]]>
              </value>
            </param>
          </params>
          <reporter-output>
          </reporter-output>
        </test-method> <!-- testLogin -->
        <test-method is-config="true" signature="tearDown()[pri:0, instance:com.inferenceCloud.tests.LoginTest@5b11a194]" started-at="2026-01-30T14:16:50 IST" name="tearDown" finished-at="2026-01-30T14:16:51 IST" duration-ms="213" status="PASS">
          <reporter-output>
          </reporter-output>
        </test-method> <!-- tearDown -->
        <test-method is-config="true" signature="setupDriver()[pri:0, instance:com.inferenceCloud.tests.LoginTest@5b11a194]" started-at="2026-01-30T14:16:51 IST" name="setupDriver" finished-at="2026-01-30T14:16:53 IST" duration-ms="2521" status="PASS">
          <reporter-output>
          </reporter-output>
        </test-method> <!-- setupDriver -->
        <test-method signature="testLogin(java.lang.String,java.lang.String,java.lang.String)[pri:0, instance:com.inferenceCloud.tests.LoginTest@5b11a194]" started-at="2026-01-30T14:16:53 IST" name="testLogin" data-provider="excelData" finished-at="2026-01-30T14:16:54 IST" duration-ms="812" status="PASS">
          <params>
            <param index="0">
              <value>
                <![CDATA[abc@gmail.com]]>
              </value>
            </param>
            <param index="1">
              <value>
                <![CDATA[111111]]>
              </value>
            </param>
            <param index="2">
              <value>
                <![CDATA[FALSE]]>
              </value>
            </param>
          </params>
          <reporter-output>
          </reporter-output>
        </test-method> <!-- testLogin -->
        <test-method is-config="true" signature="tearDown()[pri:0, instance:com.inferenceCloud.tests.LoginTest@5b11a194]" started-at="2026-01-30T14:16:54 IST" name="tearDown" finished-at="2026-01-30T14:16:54 IST" duration-ms="270" status="PASS">
          <reporter-output>
          </reporter-output>
        </test-method> <!-- tearDown -->
      </class> <!-- com.inferenceCloud.tests.LoginTest -->
    </test> <!-- LoginTest -->
  </suite> <!-- Login Test Suite -->
</testng-results>
