<?xml version="1.0" encoding="UTF-8"?>
<testng-results ignored="0" total="4" passed="4" failed="0" skipped="0">
  <reporter-output>
  </reporter-output>
  <suite started-at="2026-02-06T12:58:27 IST" name="Login Test Suite" finished-at="2026-02-06T12:59:00 IST" duration-ms="33006">
    <groups>
    </groups>
    <test started-at="2026-02-06T12:58:27 IST" name="LoginTest" finished-at="2026-02-06T12:59:00 IST" duration-ms="33006">
      <class name="com.inferenceCloud.tests.LoginTest">
        <test-method is-config="true" signature="setupDriver()[pri:0, instance:com.inferenceCloud.tests.LoginTest@5b11a194]" started-at="2026-02-06T12:58:28 IST" name="setupDriver" finished-at="2026-02-06T12:58:38 IST" duration-ms="10500" status="PASS">
          <reporter-output>
          </reporter-output>
        </test-method> <!-- setupDriver -->
        <test-method is-config="true" signature="setupDriver()[pri:0, instance:com.inferenceCloud.tests.LoginTest@5b11a194]" started-at="2026-02-06T12:58:28 IST" name="setupDriver" finished-at="2026-02-06T12:58:38 IST" duration-ms="9597" status="PASS">
          <reporter-output>
          </reporter-output>
        </test-method> <!-- setupDriver -->
        <test-method signature="testLogin(java.lang.String,java.lang.String,java.lang.String)[pri:0, instance:com.inferenceCloud.tests.LoginTest@5b11a194]" started-at="2026-02-06T12:58:38 IST" name="testLogin" data-provider="excelData" finished-at="2026-02-06T12:58:45 IST" duration-ms="6375" status="PASS">
          <params>
            <param index="0">
              <value>
                <![CDATA[test26@mailinator.com]]>
              </value>
            </param>
            <param index="1">
              <value>
                <![CDATA[11111111@Pp]]>
              </value>
            </param>
            <param index="2">
              <value>
                <![CDATA[TRUE]]>
              </value>
            </param>
          </params>
          <reporter-output>
          </reporter-output>
        </test-method> <!-- testLogin -->
        <test-method signature="loginButtonIsDisabledWithoutCredentials()[pri:0, instance:com.inferenceCloud.tests.LoginTest@5b11a194]" started-at="2026-02-06T12:58:38 IST" name="loginButtonIsDisabledWithoutCredentials" finished-at="2026-02-06T12:58:41 IST" duration-ms="2480" status="PASS">
          <reporter-output>
          </reporter-output>
        </test-method> <!-- loginButtonIsDisabledWithoutCredentials -->
        <test-method is-config="true" signature="tearDown()[pri:0, instance:com.inferenceCloud.tests.LoginTest@5b11a194]" started-at="2026-02-06T12:58:41 IST" name="tearDown" finished-at="2026-02-06T12:58:41 IST" duration-ms="288" status="PASS">
          <reporter-output>
          </reporter-output>
        </test-method> <!-- tearDown -->
        <test-method is-config="true" signature="tearDown()[pri:0, instance:com.inferenceCloud.tests.LoginTest@5b11a194]" started-at="2026-02-06T12:58:45 IST" name="tearDown" finished-at="2026-02-06T12:58:45 IST" duration-ms="245" status="PASS">
          <reporter-output>
          </reporter-output>
        </test-method> <!-- tearDown -->
        <test-method is-config="true" signature="setupDriver()[pri:0, instance:com.inferenceCloud.tests.LoginTest@5b11a194]" started-at="2026-02-06T12:58:45 IST" name="setupDriver" finished-at="2026-02-06T12:58:50 IST" duration-ms="5216" status="PASS">
          <reporter-output>
          </reporter-output>
        </test-method> <!-- setupDriver -->
        <test-method signature="testLogin(java.lang.String,java.lang.String,java.lang.String)[pri:0, instance:com.inferenceCloud.tests.LoginTest@5b11a194]" started-at="2026-02-06T12:58:50 IST" name="testLogin" data-provider="excelData" finished-at="2026-02-06T12:58:52 IST" duration-ms="1874" status="PASS">
          <params>
            <param index="0">
              <value>
                <![CDATA[test26@mailinator.com]]>
              </value>
            </param>
            <param index="1">
              <value>
                <![CDATA[111]]>
              </value>
            </param>
            <param index="2">
              <value>
                <![CDATA[FALSE]]>
              </value>
            </param>
          </params>
          <reporter-output>
          </reporter-output>
        </test-method> <!-- testLogin -->
        <test-method is-config="true" signature="tearDown()[pri:0, instance:com.inferenceCloud.tests.LoginTest@5b11a194]" started-at="2026-02-06T12:58:52 IST" name="tearDown" finished-at="2026-02-06T12:58:52 IST" duration-ms="170" status="PASS">
          <reporter-output>
          </reporter-output>
        </test-method> <!-- tearDown -->
        <test-method is-config="true" signature="setupDriver()[pri:0, instance:com.inferenceCloud.tests.LoginTest@5b11a194]" started-at="2026-02-06T12:58:52 IST" name="setupDriver" finished-at="2026-02-06T12:58:58 IST" duration-ms="6371" status="PASS">
          <reporter-output>
          </reporter-output>
        </test-method> <!-- setupDriver -->
        <test-method signature="testLogin(java.lang.String,java.lang.String,java.lang.String)[pri:0, instance:com.inferenceCloud.tests.LoginTest@5b11a194]" started-at="2026-02-06T12:58:58 IST" name="testLogin" data-provider="excelData" finished-at="2026-02-06T12:59:00 IST" duration-ms="1708" status="PASS">
          <params>
            <param index="0">
              <value>
                <![CDATA[abc@gmail.com]]>
              </value>
            </param>
            <param index="1">
              <value>
                <![CDATA[111111]]>
              </value>
            </param>
            <param index="2">
              <value>
                <![CDATA[FALSE]]>
              </value>
            </param>
          </params>
          <reporter-output>
          </reporter-output>
        </test-method> <!-- testLogin -->
        <test-method is-config="true" signature="tearDown()[pri:0, instance:com.inferenceCloud.tests.LoginTest@5b11a194]" started-at="2026-02-06T12:59:00 IST" name="tearDown" finished-at="2026-02-06T12:59:00 IST" duration-ms="316" status="PASS">
          <reporter-output>
          </reporter-output>
        </test-method> <!-- tearDown -->
      </class> <!-- com.inferenceCloud.tests.LoginTest -->
    </test> <!-- LoginTest -->
  </suite> <!-- Login Test Suite -->
</testng-results>
