<?xml version="1.0" encoding="UTF-8"?>
<testng-results ignored="0" total="4" passed="4" failed="0" skipped="0">
  <reporter-output>
  </reporter-output>
  <suite started-at="2026-01-29T15:50:01 IST" name="Login Test Suite" finished-at="2026-01-29T15:50:25 IST" duration-ms="24005">
    <groups>
    </groups>
    <test started-at="2026-01-29T15:50:01 IST" name="LoginTest" finished-at="2026-01-29T15:50:25 IST" duration-ms="24005">
      <class name="com.inferenceCloud.tests.LoginTest">
        <test-method is-config="true" signature="setupDriver()[pri:0, instance:com.inferenceCloud.tests.LoginTest@5b40ceb]" started-at="2026-01-29T15:50:01 IST" name="setupDriver" finished-at="2026-01-29T15:50:08 IST" duration-ms="7366" status="PASS">
          <reporter-output>
          </reporter-output>
        </test-method> <!-- setupDriver -->
        <test-method is-config="true" signature="setupDriver()[pri:0, instance:com.inferenceCloud.tests.LoginTest@5b40ceb]" started-at="2026-01-29T15:50:01 IST" name="setupDriver" finished-at="2026-01-29T15:50:08 IST" duration-ms="7338" status="PASS">
          <reporter-output>
          </reporter-output>
        </test-method> <!-- setupDriver -->
        <test-method signature="testLogin(java.lang.String,java.lang.String,boolean)[pri:0, instance:com.inferenceCloud.tests.LoginTest@5b40ceb]" started-at="2026-01-29T15:50:09 IST" name="testLogin" data-provider="loginData" finished-at="2026-01-29T15:50:15 IST" duration-ms="6188" status="PASS">
          <params>
            <param index="0">
              <value>
                <![CDATA[test26@mailinator.com]]>
              </value>
            </param>
            <param index="1">
              <value>
                <![CDATA[11111111@Pp]]>
              </value>
            </param>
            <param index="2">
              <value>
                <![CDATA[true]]>
              </value>
            </param>
          </params>
          <reporter-output>
          </reporter-output>
        </test-method> <!-- testLogin -->
        <test-method signature="loginButtonIsDisabledWithoutCredentials()[pri:0, instance:com.inferenceCloud.tests.LoginTest@5b40ceb]" started-at="2026-01-29T15:50:09 IST" name="loginButtonIsDisabledWithoutCredentials" finished-at="2026-01-29T15:50:11 IST" duration-ms="2063" status="PASS">
          <reporter-output>
          </reporter-output>
        </test-method> <!-- loginButtonIsDisabledWithoutCredentials -->
        <test-method is-config="true" signature="tearDown()[pri:0, instance:com.inferenceCloud.tests.LoginTest@5b40ceb]" started-at="2026-01-29T15:50:11 IST" name="tearDown" finished-at="2026-01-29T15:50:11 IST" duration-ms="298" status="PASS">
          <reporter-output>
          </reporter-output>
        </test-method> <!-- tearDown -->
        <test-method is-config="true" signature="tearDown()[pri:0, instance:com.inferenceCloud.tests.LoginTest@5b40ceb]" started-at="2026-01-29T15:50:15 IST" name="tearDown" finished-at="2026-01-29T15:50:15 IST" duration-ms="276" status="PASS">
          <reporter-output>
          </reporter-output>
        </test-method> <!-- tearDown -->
        <test-method is-config="true" signature="setupDriver()[pri:0, instance:com.inferenceCloud.tests.LoginTest@5b40ceb]" started-at="2026-01-29T15:50:15 IST" name="setupDriver" finished-at="2026-01-29T15:50:18 IST" duration-ms="3265" status="PASS">
          <reporter-output>
          </reporter-output>
        </test-method> <!-- setupDriver -->
        <test-method signature="testLogin(java.lang.String,java.lang.String,boolean)[pri:0, instance:com.inferenceCloud.tests.LoginTest@5b40ceb]" started-at="2026-01-29T15:50:18 IST" name="testLogin" data-provider="loginData" finished-at="2026-01-29T15:50:20 IST" duration-ms="1931" status="PASS">
          <params>
            <param index="0">
              <value>
                <![CDATA[invalid@email.com]]>
              </value>
            </param>
            <param index="1">
              <value>
                <![CDATA[validPass]]>
              </value>
            </param>
            <param index="2">
              <value>
                <![CDATA[false]]>
              </value>
            </param>
          </params>
          <reporter-output>
          </reporter-output>
        </test-method> <!-- testLogin -->
        <test-method is-config="true" signature="tearDown()[pri:0, instance:com.inferenceCloud.tests.LoginTest@5b40ceb]" started-at="2026-01-29T15:50:20 IST" name="tearDown" finished-at="2026-01-29T15:50:21 IST" duration-ms="287" status="PASS">
          <reporter-output>
          </reporter-output>
        </test-method> <!-- tearDown -->
        <test-method is-config="true" signature="setupDriver()[pri:0, instance:com.inferenceCloud.tests.LoginTest@5b40ceb]" started-at="2026-01-29T15:50:21 IST" name="setupDriver" finished-at="2026-01-29T15:50:24 IST" duration-ms="2839" status="PASS">
          <reporter-output>
          </reporter-output>
        </test-method> <!-- setupDriver -->
        <test-method signature="testLogin(java.lang.String,java.lang.String,boolean)[pri:0, instance:com.inferenceCloud.tests.LoginTest@5b40ceb]" started-at="2026-01-29T15:50:24 IST" name="testLogin" data-provider="loginData" finished-at="2026-01-29T15:50:25 IST" duration-ms="1345" status="PASS">
          <params>
            <param index="0">
              <value>
                <![CDATA[valid@email.com]]>
              </value>
            </param>
            <param index="1">
              <value>
                <![CDATA[wrongPass]]>
              </value>
            </param>
            <param index="2">
              <value>
                <![CDATA[false]]>
              </value>
            </param>
          </params>
          <reporter-output>
          </reporter-output>
        </test-method> <!-- testLogin -->
        <test-method is-config="true" signature="tearDown()[pri:0, instance:com.inferenceCloud.tests.LoginTest@5b40ceb]" started-at="2026-01-29T15:50:25 IST" name="tearDown" finished-at="2026-01-29T15:50:25 IST" duration-ms="190" status="PASS">
          <reporter-output>
          </reporter-output>
        </test-method> <!-- tearDown -->
      </class> <!-- com.inferenceCloud.tests.LoginTest -->
    </test> <!-- LoginTest -->
  </suite> <!-- Login Test Suite -->
</testng-results>
