<?xml version="1.0" encoding="UTF-8"?>
<testng-results ignored="1" total="3" passed="2" failed="0" skipped="0">
  <reporter-output>
  </reporter-output>
  <suite started-at="2026-02-11T15:36:22 IST" name="Login Test Suite" finished-at="2026-02-11T15:36:32 IST" duration-ms="9774">
    <groups>
    </groups>
    <test started-at="2026-02-11T15:36:22 IST" name="LoginTest" finished-at="2026-02-11T15:36:32 IST" duration-ms="9774">
      <class name="com.inferenceCloud.tests.LoginTest">
        <test-method is-config="true" signature="setupDriver()[pri:0, instance:com.inferenceCloud.tests.LoginTest@37bd68c3]" started-at="2026-02-11T15:36:22 IST" name="setupDriver" finished-at="2026-02-11T15:36:27 IST" duration-ms="5279" status="PASS">
          <reporter-output>
          </reporter-output>
        </test-method> <!-- setupDriver -->
        <test-method is-config="true" signature="setupDriver()[pri:0, instance:com.inferenceCloud.tests.LoginTest@37bd68c3]" started-at="2026-02-11T15:36:22 IST" name="setupDriver" finished-at="2026-02-11T15:36:27 IST" duration-ms="5267" status="PASS">
          <reporter-output>
          </reporter-output>
        </test-method> <!-- setupDriver -->
        <test-method signature="loginButtonIsDisabledWithoutCredentials()[pri:0, instance:com.inferenceCloud.tests.LoginTest@37bd68c3]" started-at="2026-02-11T15:36:27 IST" name="loginButtonIsDisabledWithoutCredentials" finished-at="2026-02-11T15:36:27 IST" duration-ms="142" status="PASS">
          <reporter-output>
          </reporter-output>
        </test-method> <!-- loginButtonIsDisabledWithoutCredentials -->
        <test-method signature="testLoginWithValidCredentials()[pri:0, instance:com.inferenceCloud.tests.LoginTest@37bd68c3]" started-at="2026-02-11T15:36:27 IST" name="testLoginWithValidCredentials" finished-at="2026-02-11T15:36:31 IST" duration-ms="3948" status="PASS">
          <reporter-output>
          </reporter-output>
        </test-method> <!-- testLoginWithValidCredentials -->
        <test-method is-config="true" signature="tearDown()[pri:0, instance:com.inferenceCloud.tests.LoginTest@37bd68c3]" started-at="2026-02-11T15:36:27 IST" name="tearDown" finished-at="2026-02-11T15:36:28 IST" duration-ms="354" status="PASS">
          <reporter-output>
          </reporter-output>
        </test-method> <!-- tearDown -->
        <test-method is-config="true" signature="tearDown()[pri:0, instance:com.inferenceCloud.tests.LoginTest@37bd68c3]" started-at="2026-02-11T15:36:31 IST" name="tearDown" finished-at="2026-02-11T15:36:32 IST" duration-ms="412" status="PASS">
          <reporter-output>
          </reporter-output>
        </test-method> <!-- tearDown -->
      </class> <!-- com.inferenceCloud.tests.LoginTest -->
    </test> <!-- LoginTest -->
  </suite> <!-- Login Test Suite -->
</testng-results>
