<?xml version="1.0" encoding="UTF-8"?>
<testng-results ignored="0" total="1" passed="1" failed="0" skipped="0">
  <reporter-output>
  </reporter-output>
  <suite started-at="2026-01-19T17:42:22 IST" name="Surefire suite" finished-at="2026-01-19T17:42:22 IST" duration-ms="34">
    <groups>
    </groups>
    <test started-at="2026-01-19T17:42:22 IST" name="Surefire test" finished-at="2026-01-19T17:42:22 IST" duration-ms="34">
      <class name="com.example.AppTest">
        <test-method signature="shouldAnswerWithTrue()[pri:0, instance:com.example.AppTest@448ff1a8]" started-at="2026-01-19T17:42:22 IST" name="shouldAnswerWithTrue" finished-at="2026-01-19T17:42:22 IST" duration-ms="4" status="PASS">
          <reporter-output>
          </reporter-output>
        </test-method> <!-- shouldAnswerWithTrue -->
      </class> <!-- com.example.AppTest -->
    </test> <!-- Surefire test -->
  </suite> <!-- Surefire suite -->
</testng-results>
